<?xml version="1.0" encoding="UTF-8"?>
<testsuite xmlns:xsi="http://www.w3.org/2001/XMLSchema-instance" xsi:noNamespaceSchemaLocation="https://maven.apache.org/surefire/maven-surefire-plugin/xsd/surefire-test-report.xsd" version="3.0.1" name="com.mycompany.app.ProgramTest" time="0.258" tests="3" errors="0" skipped="0" failures="0">
  <properties>
[...]
</properties>
  <testcase name="testMiniMaxAndGUI" classname="com.mycompany.app.ProgramTest" time="0.149">
    <system-out><![CDATA[
minimax:   4(100) 
minimax:   6(100) 
minimax:   7(0) 
minimax:   8(100) 
minimax:   9(0) 
minimax best:   4(100) Steps counted: 102
minimax:   2(-100) 
minimax:   3(-100) 
minimax:   5(-100) 
minimax:   6(-100) 
minimax:   7(-100) 
minimax:   8(-100) 
minimax:   9(-100) 
minimax best:   0(-100) Steps counted: 2815]]></system-out>
  </testcase>
  <testcase name="testGameAndUtility" classname="com.mycompany.app.ProgramTest" time="0.007">
    <system-out><![CDATA[
X-O- - - - - - - -

1-2-3-4-5-6-7-8-9-

1-2-
]]></system-out>
  </testcase>
  <testcase name="testPlayerClass" classname="com.mycompany.app.ProgramTest" time="0.004"/>
</testsuite>