GROUP,PACKAGE,CLASS,INSTRUCTION_MISSED,INSTRUCTION_COVERED,BRANCH_MISSED,BRANCH_COVERED,LINE_MISSED,LINE_COVERED,COMPLEXITY_MISSED,COMPLEXITY_COVERED,METHOD_MISSED,METHOD_COVERED
my-app,com.mycompany.app,Game,8,575,10,100,0,94,9,53,0,7
my-app,com.mycompany.app,Player,0,3,0,0,0,1,0,1,0,1
my-app,com.mycompany.app,Program,32,0,0,0,7,0,2,0,2,0
my-app,com.mycompany.app,TicTacToeCell,0,52,0,0,0,16,0,6,0,6
my-app,com.mycompany.app,Utility,3,56,0,6,1,15,1,6,1,3
my-app,com.mycompany.app,State,0,27,0,0,0,1,0,1,0,1
my-app,com.mycompany.app,TicTacToePanel,29,243,9,11,9,42,6,9,0,5
